<?xml version="1.0" encoding="UTF-8"?>
<coverage generated="1694068311041" clover="3.2.0">
  <project timestamp="1694068311041" name="All files">
    <metrics statements="8" coveredstatements="7" conditionals="0" coveredconditionals="0" methods="3" coveredmethods="2" elements="11" coveredelements="9" complexity="0" loc="8" ncloc="8" packages="1" files="2" classes="2"/>
    <file name="count.ts" path="D:\lifeup-website\src\count.ts">
      <metrics statements="3" coveredstatements="3" conditionals="0" coveredconditionals="0" methods="1" coveredmethods="1"/>
      <line num="1" count="1" type="stmt"/>
      <line num="2" count="1" type="stmt"/>
      <line num="4" count="1" type="stmt"/>
    </file>
    <file name="count2.ts" path="D:\lifeup-website\src\count2.ts">
      <metrics statements="5" coveredstatements="4" conditionals="0" coveredconditionals="0" methods="2" coveredmethods="1"/>
      <line num="1" count="1" type="stmt"/>
      <line num="2" count="1" type="stmt"/>
      <line num="4" count="1" type="stmt"/>
      <line num="5" count="0" type="stmt"/>
      <line num="7" count="1" type="stmt"/>
    </file>
  </project>
</coverage>
