{"D:\\lifeup-website\\src\\count.ts": {"path":"D:\\lifeup-website\\src\\count.ts","statementMap":{"0":{"start":{"line":4,"column":9},"end":{"line":4,"column":null}},"1":{"start":{"line":1,"column":12},"end":{"line":3,"column":null}},"2":{"start":{"line":2,"column":2},"end":{"line":2,"column":null}}},"fnMap":{"0":{"name":"(anonymous_1)","decl":{"start":{"line":1,"column":12},"end":{"line":1,"column":13}},"loc":{"start":{"line":1,"column":24},"end":{"line":3,"column":null}}}},"branchMap":{},"s":{"0":1,"1":1,"2":1},"f":{"0":1},"b":{}}
,"D:\\lifeup-website\\src\\count2.ts": {"path":"D:\\lifeup-website\\src\\count2.ts","statementMap":{"0":{"start":{"line":7,"column":9},"end":{"line":7,"column":12}},"1":{"start":{"line":7,"column":13},"end":{"line":7,"column":17}},"2":{"start":{"line":1,"column":12},"end":{"line":3,"column":null}},"3":{"start":{"line":2,"column":2},"end":{"line":2,"column":null}},"4":{"start":{"line":4,"column":13},"end":{"line":6,"column":null}},"5":{"start":{"line":5,"column":2},"end":{"line":5,"column":null}}},"fnMap":{"0":{"name":"(anonymous_3)","decl":{"start":{"line":1,"column":12},"end":{"line":1,"column":13}},"loc":{"start":{"line":1,"column":24},"end":{"line":3,"column":null}}},"1":{"name":"(anonymous_4)","decl":{"start":{"line":4,"column":13},"end":{"line":4,"column":14}},"loc":{"start":{"line":4,"column":25},"end":{"line":6,"column":null}}}},"branchMap":{},"s":{"0":1,"1":0,"2":1,"3":1,"4":1,"5":0},"f":{"0":1,"1":0},"b":{}}
}
